<?xml version="1.0" encoding="UTF-8"?>
<!-- Generated by org.testng.reporters.JUnitReportReporter -->
<testsuite hostname="Monit" failures="0" tests="1" name="sumCalculation" time="1.995" errors="0" timestamp="2025-08-04T18:56:32 IST" skipped="0">
  <testcase classname="sumCalculation" name="purchaseSum" time="1.995"/>
</testsuite> <!-- sumCalculation -->
